This file contains any messages produced by compilers while
running configure, to aid debugging if configure makes a mistake.

It was created by GNU Typist configure 2.9.5, which was
generated by GNU Autoconf 2.69.  Invocation command line was

  $ ./configure CFLAGS=-g3 -O0 CXXFLAGS=-g3 -O0 --prefix=/usr/local/gtypist

## --------- ##
## Platform. ##
## --------- ##

hostname = localhost.localdomain
uname -m = x86_64
uname -r = 2.6.36
uname -s = Linux
uname -v = #4 SMP Sun Nov 22 18:36:43 CST 2015

/usr/bin/uname -p = unknown
/bin/uname -X     = unknown

/bin/arch              = x86_64
/usr/bin/arch -k       = unknown
/usr/convex/getsysinfo = unknown
/usr/bin/hostinfo      = unknown
/bin/machine           = unknown
/usr/bin/oslevel       = unknown
/bin/universe          = unknown

PATH: /usr/lib64/qt-3.3/bin
PATH: /usr/local/sbin
PATH: /usr/sbin
PATH: /sbin
PATH: /usr/local/bin
PATH: /usr/bin
PATH: /bin
PATH: /root/bin


## ----------- ##
## Core tests. ##
## ----------- ##

configure:2316: checking for a BSD-compatible install
configure:2384: result: /usr/bin/install -c
configure:2395: checking whether build environment is sane
configure:2450: result: yes
configure:2601: checking for a thread-safe mkdir -p
configure:2640: result: /bin/mkdir -p
configure:2647: checking for gawk
configure:2663: found /usr/bin/gawk
configure:2674: result: gawk
configure:2685: checking whether make sets $(MAKE)
configure:2707: result: yes
configure:2736: checking whether make supports nested variables
configure:2753: result: yes
configure:2894: checking for style of include used by make
configure:2922: result: GNU
configure:2993: checking for gcc
configure:3009: found /usr/bin/gcc
configure:3020: result: gcc
configure:3249: checking for C compiler version
configure:3258: gcc --version >&5
gcc (GCC) 4.4.7 20120313 (Red Hat 4.4.7-4)
Copyright (C) 2010 Free Software Foundation, Inc.
This is free software; see the source for copying conditions.  There is NO
warranty; not even for MERCHANTABILITY or FITNESS FOR A PARTICULAR PURPOSE.

configure:3269: $? = 0
configure:3258: gcc -v >&5
Using built-in specs.
Target: x86_64-kylin-linux
Configured with: ../configure --prefix=/usr --mandir=/usr/share/man --infodir=/usr/share/info --with-bugurl=http://bugzilla.redhat.com/bugzilla --enable-bootstrap --enable-shared --enable-threads=posix --enable-checking=release --with-system-zlib --enable-__cxa_atexit --disable-libunwind-exceptions --enable-gnu-unique-object --enable-languages=c,c++,objc,obj-c++,java,fortran,ada --enable-java-awt=gtk --disable-dssi --with-java-home=/usr/lib/jvm/java-1.5.0-gcj-1.5.0.0/jre --enable-libgcj-multifile --enable-java-maintainer-mode --with-ecj-jar=/usr/share/java/eclipse-ecj.jar --disable-libjava-multilib --with-ppl --with-cloog --with-tune=generic --with-arch_32=i686 --build=x86_64-kylin-linux
Thread model: posix
gcc version 4.4.7 20120313 (Red Hat 4.4.7-4) (GCC) 
configure:3269: $? = 0
configure:3258: gcc -V >&5
gcc: '-V' option must have argument
configure:3269: $? = 1
configure:3258: gcc -qversion >&5
gcc: unrecognized option '-qversion'
gcc: no input files
configure:3269: $? = 1
configure:3289: checking whether the C compiler works
configure:3311: gcc -g3 -O0   conftest.c  >&5
configure:3315: $? = 0
configure:3363: result: yes
configure:3366: checking for C compiler default output file name
configure:3368: result: a.out
configure:3374: checking for suffix of executables
configure:3381: gcc -o conftest -g3 -O0   conftest.c  >&5
configure:3385: $? = 0
configure:3407: result: 
configure:3429: checking whether we are cross compiling
configure:3437: gcc -o conftest -g3 -O0   conftest.c  >&5
configure:3441: $? = 0
configure:3448: ./conftest
configure:3452: $? = 0
configure:3467: result: no
configure:3472: checking for suffix of object files
configure:3494: gcc -c -g3 -O0  conftest.c >&5
configure:3498: $? = 0
configure:3519: result: o
configure:3523: checking whether we are using the GNU C compiler
configure:3542: gcc -c -g3 -O0  conftest.c >&5
configure:3542: $? = 0
configure:3551: result: yes
configure:3560: checking whether gcc accepts -g
configure:3580: gcc -c -g  conftest.c >&5
configure:3580: $? = 0
configure:3621: result: yes
configure:3638: checking for gcc option to accept ISO C89
configure:3701: gcc  -c -g3 -O0  conftest.c >&5
configure:3701: $? = 0
configure:3714: result: none needed
configure:3739: checking whether gcc understands -c and -o together
configure:3761: gcc -c conftest.c -o conftest2.o
configure:3764: $? = 0
configure:3761: gcc -c conftest.c -o conftest2.o
configure:3764: $? = 0
configure:3776: result: yes
configure:3795: checking dependency style of gcc
configure:3906: result: gcc3
configure:3927: checking how to run the C preprocessor
configure:3958: gcc -E  conftest.c
configure:3958: $? = 0
configure:3972: gcc -E  conftest.c
conftest.c:11:28: error: ac_nonexistent.h: No such file or directory
configure:3972: $? = 1
configure: failed program was:
| /* confdefs.h */
| #define PACKAGE_NAME "GNU Typist"
| #define PACKAGE_TARNAME "gtypist"
| #define PACKAGE_VERSION "2.9.5"
| #define PACKAGE_STRING "GNU Typist 2.9.5"
| #define PACKAGE_BUGREPORT "bug-gtypist@gnu.org"
| #define PACKAGE_URL "http://www.gnu.org/software/gtypist/"
| #define PACKAGE "gtypist"
| #define VERSION "2.9.5"
| /* end confdefs.h.  */
| #include <ac_nonexistent.h>
configure:3997: result: gcc -E
configure:4017: gcc -E  conftest.c
configure:4017: $? = 0
configure:4031: gcc -E  conftest.c
conftest.c:11:28: error: ac_nonexistent.h: No such file or directory
configure:4031: $? = 1
configure: failed program was:
| /* confdefs.h */
| #define PACKAGE_NAME "GNU Typist"
| #define PACKAGE_TARNAME "gtypist"
| #define PACKAGE_VERSION "2.9.5"
| #define PACKAGE_STRING "GNU Typist 2.9.5"
| #define PACKAGE_BUGREPORT "bug-gtypist@gnu.org"
| #define PACKAGE_URL "http://www.gnu.org/software/gtypist/"
| #define PACKAGE "gtypist"
| #define VERSION "2.9.5"
| /* end confdefs.h.  */
| #include <ac_nonexistent.h>
configure:4060: checking for grep that handles long lines and -e
configure:4118: result: /bin/grep
configure:4123: checking for egrep
configure:4185: result: /bin/grep -E
configure:4190: checking for ANSI C header files
configure:4210: gcc -c -g3 -O0  conftest.c >&5
configure:4210: $? = 0
configure:4283: gcc -o conftest -g3 -O0   conftest.c  >&5
configure:4283: $? = 0
configure:4283: ./conftest
configure:4283: $? = 0
configure:4294: result: yes
configure:4307: checking for sys/types.h
configure:4307: gcc -c -g3 -O0  conftest.c >&5
configure:4307: $? = 0
configure:4307: result: yes
configure:4307: checking for sys/stat.h
configure:4307: gcc -c -g3 -O0  conftest.c >&5
configure:4307: $? = 0
configure:4307: result: yes
configure:4307: checking for stdlib.h
configure:4307: gcc -c -g3 -O0  conftest.c >&5
configure:4307: $? = 0
configure:4307: result: yes
configure:4307: checking for string.h
configure:4307: gcc -c -g3 -O0  conftest.c >&5
configure:4307: $? = 0
configure:4307: result: yes
configure:4307: checking for memory.h
configure:4307: gcc -c -g3 -O0  conftest.c >&5
configure:4307: $? = 0
configure:4307: result: yes
configure:4307: checking for strings.h
configure:4307: gcc -c -g3 -O0  conftest.c >&5
configure:4307: $? = 0
configure:4307: result: yes
configure:4307: checking for inttypes.h
configure:4307: gcc -c -g3 -O0  conftest.c >&5
configure:4307: $? = 0
configure:4307: result: yes
configure:4307: checking for stdint.h
configure:4307: gcc -c -g3 -O0  conftest.c >&5
configure:4307: $? = 0
configure:4307: result: yes
configure:4307: checking for unistd.h
configure:4307: gcc -c -g3 -O0  conftest.c >&5
configure:4307: $? = 0
configure:4307: result: yes
configure:4320: checking minix/config.h usability
configure:4320: gcc -c -g3 -O0  conftest.c >&5
conftest.c:54:26: error: minix/config.h: No such file or directory
configure:4320: $? = 1
configure: failed program was:
| /* confdefs.h */
| #define PACKAGE_NAME "GNU Typist"
| #define PACKAGE_TARNAME "gtypist"
| #define PACKAGE_VERSION "2.9.5"
| #define PACKAGE_STRING "GNU Typist 2.9.5"
| #define PACKAGE_BUGREPORT "bug-gtypist@gnu.org"
| #define PACKAGE_URL "http://www.gnu.org/software/gtypist/"
| #define PACKAGE "gtypist"
| #define VERSION "2.9.5"
| #define STDC_HEADERS 1
| #define HAVE_SYS_TYPES_H 1
| #define HAVE_SYS_STAT_H 1
| #define HAVE_STDLIB_H 1
| #define HAVE_STRING_H 1
| #define HAVE_MEMORY_H 1
| #define HAVE_STRINGS_H 1
| #define HAVE_INTTYPES_H 1
| #define HAVE_STDINT_H 1
| #define HAVE_UNISTD_H 1
| /* end confdefs.h.  */
| #include <stdio.h>
| #ifdef HAVE_SYS_TYPES_H
| # include <sys/types.h>
| #endif
| #ifdef HAVE_SYS_STAT_H
| # include <sys/stat.h>
| #endif
| #ifdef STDC_HEADERS
| # include <stdlib.h>
| # include <stddef.h>
| #else
| # ifdef HAVE_STDLIB_H
| #  include <stdlib.h>
| # endif
| #endif
| #ifdef HAVE_STRING_H
| # if !defined STDC_HEADERS && defined HAVE_MEMORY_H
| #  include <memory.h>
| # endif
| # include <string.h>
| #endif
| #ifdef HAVE_STRINGS_H
| # include <strings.h>
| #endif
| #ifdef HAVE_INTTYPES_H
| # include <inttypes.h>
| #endif
| #ifdef HAVE_STDINT_H
| # include <stdint.h>
| #endif
| #ifdef HAVE_UNISTD_H
| # include <unistd.h>
| #endif
| #include <minix/config.h>
configure:4320: result: no
configure:4320: checking minix/config.h presence
configure:4320: gcc -E  conftest.c
conftest.c:21:26: error: minix/config.h: No such file or directory
configure:4320: $? = 1
configure: failed program was:
| /* confdefs.h */
| #define PACKAGE_NAME "GNU Typist"
| #define PACKAGE_TARNAME "gtypist"
| #define PACKAGE_VERSION "2.9.5"
| #define PACKAGE_STRING "GNU Typist 2.9.5"
| #define PACKAGE_BUGREPORT "bug-gtypist@gnu.org"
| #define PACKAGE_URL "http://www.gnu.org/software/gtypist/"
| #define PACKAGE "gtypist"
| #define VERSION "2.9.5"
| #define STDC_HEADERS 1
| #define HAVE_SYS_TYPES_H 1
| #define HAVE_SYS_STAT_H 1
| #define HAVE_STDLIB_H 1
| #define HAVE_STRING_H 1
| #define HAVE_MEMORY_H 1
| #define HAVE_STRINGS_H 1
| #define HAVE_INTTYPES_H 1
| #define HAVE_STDINT_H 1
| #define HAVE_UNISTD_H 1
| /* end confdefs.h.  */
| #include <minix/config.h>
configure:4320: result: no
configure:4320: checking for minix/config.h
configure:4320: result: no
configure:4341: checking whether it is safe to define __EXTENSIONS__
configure:4359: gcc -c -g3 -O0  conftest.c >&5
configure:4359: $? = 0
configure:4366: result: yes
configure:4387: checking for gawk
configure:4414: result: gawk
configure:4473: checking for gcc
configure:4500: result: gcc
configure:4729: checking for C compiler version
configure:4738: gcc --version >&5
gcc (GCC) 4.4.7 20120313 (Red Hat 4.4.7-4)
Copyright (C) 2010 Free Software Foundation, Inc.
This is free software; see the source for copying conditions.  There is NO
warranty; not even for MERCHANTABILITY or FITNESS FOR A PARTICULAR PURPOSE.

configure:4749: $? = 0
configure:4738: gcc -v >&5
Using built-in specs.
Target: x86_64-kylin-linux
Configured with: ../configure --prefix=/usr --mandir=/usr/share/man --infodir=/usr/share/info --with-bugurl=http://bugzilla.redhat.com/bugzilla --enable-bootstrap --enable-shared --enable-threads=posix --enable-checking=release --with-system-zlib --enable-__cxa_atexit --disable-libunwind-exceptions --enable-gnu-unique-object --enable-languages=c,c++,objc,obj-c++,java,fortran,ada --enable-java-awt=gtk --disable-dssi --with-java-home=/usr/lib/jvm/java-1.5.0-gcj-1.5.0.0/jre --enable-libgcj-multifile --enable-java-maintainer-mode --with-ecj-jar=/usr/share/java/eclipse-ecj.jar --disable-libjava-multilib --with-ppl --with-cloog --with-tune=generic --with-arch_32=i686 --build=x86_64-kylin-linux
Thread model: posix
gcc version 4.4.7 20120313 (Red Hat 4.4.7-4) (GCC) 
configure:4749: $? = 0
configure:4738: gcc -V >&5
gcc: '-V' option must have argument
configure:4749: $? = 1
configure:4738: gcc -qversion >&5
gcc: unrecognized option '-qversion'
gcc: no input files
configure:4749: $? = 1
configure:4753: checking whether we are using the GNU C compiler
configure:4781: result: yes
configure:4790: checking whether gcc accepts -g
configure:4851: result: yes
configure:4868: checking for gcc option to accept ISO C89
configure:4944: result: none needed
configure:4969: checking whether gcc understands -c and -o together
configure:5006: result: yes
configure:5025: checking dependency style of gcc
configure:5136: result: gcc3
configure:5151: checking for library containing strerror
configure:5182: gcc -o conftest -g3 -O0   conftest.c  >&5
configure:5182: $? = 0
configure:5199: result: none required
configure:5208: checking whether ln -s works
configure:5212: result: yes
configure:5219: checking whether make sets $(MAKE)
configure:5241: result: yes
configure:5293: checking for ranlib
configure:5309: found /usr/bin/ranlib
configure:5320: result: ranlib
configure:5346: checking for bison
configure:5362: found /usr/bin/bison
configure:5373: result: bison -y
configure:5392: checking for ANSI C header files
configure:5496: result: yes
configure:5507: checking for unistd.h
configure:5507: result: yes
configure:5507: checking alloca.h usability
configure:5507: gcc -c -g3 -O0  conftest.c >&5
configure:5507: $? = 0
configure:5507: result: yes
configure:5507: checking alloca.h presence
configure:5507: gcc -E  conftest.c
configure:5507: $? = 0
configure:5507: result: yes
configure:5507: checking for alloca.h
configure:5507: result: yes
configure:5507: checking argz.h usability
configure:5507: gcc -c -g3 -O0  conftest.c >&5
configure:5507: $? = 0
configure:5507: result: yes
configure:5507: checking argz.h presence
configure:5507: gcc -E  conftest.c
configure:5507: $? = 0
configure:5507: result: yes
configure:5507: checking for argz.h
configure:5507: result: yes
configure:5507: checking errno.h usability
configure:5507: gcc -c -g3 -O0  conftest.c >&5
configure:5507: $? = 0
configure:5507: result: yes
configure:5507: checking errno.h presence
configure:5507: gcc -E  conftest.c
configure:5507: $? = 0
configure:5507: result: yes
configure:5507: checking for errno.h
configure:5507: result: yes
configure:5507: checking fcntl.h usability
configure:5507: gcc -c -g3 -O0  conftest.c >&5
configure:5507: $? = 0
configure:5507: result: yes
configure:5507: checking fcntl.h presence
configure:5507: gcc -E  conftest.c
configure:5507: $? = 0
configure:5507: result: yes
configure:5507: checking for fcntl.h
configure:5507: result: yes
configure:5507: checking langinfo.h usability
configure:5507: gcc -c -g3 -O0  conftest.c >&5
configure:5507: $? = 0
configure:5507: result: yes
configure:5507: checking langinfo.h presence
configure:5507: gcc -E  conftest.c
configure:5507: $? = 0
configure:5507: result: yes
configure:5507: checking for langinfo.h
configure:5507: result: yes
configure:5507: checking libintl.h usability
configure:5507: gcc -c -g3 -O0  conftest.c >&5
configure:5507: $? = 0
configure:5507: result: yes
configure:5507: checking libintl.h presence
configure:5507: gcc -E  conftest.c
configure:5507: $? = 0
configure:5507: result: yes
configure:5507: checking for libintl.h
configure:5507: result: yes
configure:5507: checking limits.h usability
configure:5507: gcc -c -g3 -O0  conftest.c >&5
configure:5507: $? = 0
configure:5507: result: yes
configure:5507: checking limits.h presence
configure:5507: gcc -E  conftest.c
configure:5507: $? = 0
configure:5507: result: yes
configure:5507: checking for limits.h
configure:5507: result: yes
configure:5507: checking locale.h usability
configure:5507: gcc -c -g3 -O0  conftest.c >&5
configure:5507: $? = 0
configure:5507: result: yes
configure:5507: checking locale.h presence
configure:5507: gcc -E  conftest.c
configure:5507: $? = 0
configure:5507: result: yes
configure:5507: checking for locale.h
configure:5507: result: yes
configure:5507: checking malloc.h usability
configure:5507: gcc -c -g3 -O0  conftest.c >&5
configure:5507: $? = 0
configure:5507: result: yes
configure:5507: checking malloc.h presence
configure:5507: gcc -E  conftest.c
configure:5507: $? = 0
configure:5507: result: yes
configure:5507: checking for malloc.h
configure:5507: result: yes
configure:5507: checking stddef.h usability
configure:5507: gcc -c -g3 -O0  conftest.c >&5
configure:5507: $? = 0
configure:5507: result: yes
configure:5507: checking stddef.h presence
configure:5507: gcc -E  conftest.c
configure:5507: $? = 0
configure:5507: result: yes
configure:5507: checking for stddef.h
configure:5507: result: yes
configure:5507: checking stdio_ext.h usability
configure:5507: gcc -c -g3 -O0  conftest.c >&5
configure:5507: $? = 0
configure:5507: result: yes
configure:5507: checking stdio_ext.h presence
configure:5507: gcc -E  conftest.c
configure:5507: $? = 0
configure:5507: result: yes
configure:5507: checking for stdio_ext.h
configure:5507: result: yes
configure:5507: checking for stdlib.h
configure:5507: result: yes
configure:5507: checking for string.h
configure:5507: result: yes
configure:5507: checking for strings.h
configure:5507: result: yes
configure:5507: checking sys/param.h usability
configure:5507: gcc -c -g3 -O0  conftest.c >&5
configure:5507: $? = 0
configure:5507: result: yes
configure:5507: checking sys/param.h presence
configure:5507: gcc -E  conftest.c
configure:5507: $? = 0
configure:5507: result: yes
configure:5507: checking for sys/param.h
configure:5507: result: yes
configure:5507: checking for unistd.h
configure:5507: result: yes
configure:5520: checking for stdbool.h that conforms to C99
configure:5587: gcc -c -g3 -O0  conftest.c >&5
configure:5587: $? = 0
configure:5594: result: yes
configure:5596: checking for _Bool
configure:5596: gcc -c -g3 -O0  conftest.c >&5
configure:5596: $? = 0
configure:5596: gcc -c -g3 -O0  conftest.c >&5
conftest.c: In function 'main':
conftest.c:80: error: expected expression before ')' token
configure:5596: $? = 1
configure: failed program was:
| /* confdefs.h */
| #define PACKAGE_NAME "GNU Typist"
| #define PACKAGE_TARNAME "gtypist"
| #define PACKAGE_VERSION "2.9.5"
| #define PACKAGE_STRING "GNU Typist 2.9.5"
| #define PACKAGE_BUGREPORT "bug-gtypist@gnu.org"
| #define PACKAGE_URL "http://www.gnu.org/software/gtypist/"
| #define PACKAGE "gtypist"
| #define VERSION "2.9.5"
| #define STDC_HEADERS 1
| #define HAVE_SYS_TYPES_H 1
| #define HAVE_SYS_STAT_H 1
| #define HAVE_STDLIB_H 1
| #define HAVE_STRING_H 1
| #define HAVE_MEMORY_H 1
| #define HAVE_STRINGS_H 1
| #define HAVE_INTTYPES_H 1
| #define HAVE_STDINT_H 1
| #define HAVE_UNISTD_H 1
| #define __EXTENSIONS__ 1
| #define _ALL_SOURCE 1
| #define _GNU_SOURCE 1
| #define _POSIX_PTHREAD_SEMANTICS 1
| #define _TANDEM_SOURCE 1
| #define STDC_HEADERS 1
| #define HAVE_UNISTD_H 1
| #define HAVE_ALLOCA_H 1
| #define HAVE_ARGZ_H 1
| #define HAVE_ERRNO_H 1
| #define HAVE_FCNTL_H 1
| #define HAVE_LANGINFO_H 1
| #define HAVE_LIBINTL_H 1
| #define HAVE_LIMITS_H 1
| #define HAVE_LOCALE_H 1
| #define HAVE_MALLOC_H 1
| #define HAVE_STDDEF_H 1
| #define HAVE_STDIO_EXT_H 1
| #define HAVE_STDLIB_H 1
| #define HAVE_STRING_H 1
| #define HAVE_STRINGS_H 1
| #define HAVE_SYS_PARAM_H 1
| #define HAVE_UNISTD_H 1
| /* end confdefs.h.  */
| #include <stdio.h>
| #ifdef HAVE_SYS_TYPES_H
| # include <sys/types.h>
| #endif
| #ifdef HAVE_SYS_STAT_H
| # include <sys/stat.h>
| #endif
| #ifdef STDC_HEADERS
| # include <stdlib.h>
| # include <stddef.h>
| #else
| # ifdef HAVE_STDLIB_H
| #  include <stdlib.h>
| # endif
| #endif
| #ifdef HAVE_STRING_H
| # if !defined STDC_HEADERS && defined HAVE_MEMORY_H
| #  include <memory.h>
| # endif
| # include <string.h>
| #endif
| #ifdef HAVE_STRINGS_H
| # include <strings.h>
| #endif
| #ifdef HAVE_INTTYPES_H
| # include <inttypes.h>
| #endif
| #ifdef HAVE_STDINT_H
| # include <stdint.h>
| #endif
| #ifdef HAVE_UNISTD_H
| # include <unistd.h>
| #endif
| int
| main ()
| {
| if (sizeof ((_Bool)))
| 	    return 0;
|   ;
|   return 0;
| }
configure:5596: result: yes
configure:5613: checking for an ANSI C-conforming const
configure:5679: gcc -c -g3 -O0  conftest.c >&5
configure:5679: $? = 0
configure:5686: result: yes
configure:5694: checking for inline
configure:5710: gcc -c -g3 -O0  conftest.c >&5
configure:5710: $? = 0
configure:5718: result: inline
configure:5736: checking for working volatile
configure:5755: gcc -c -g3 -O0  conftest.c >&5
configure:5755: $? = 0
configure:5762: result: yes
configure:5770: checking for size_t
configure:5770: gcc -c -g3 -O0  conftest.c >&5
configure:5770: $? = 0
configure:5770: gcc -c -g3 -O0  conftest.c >&5
conftest.c: In function 'main':
conftest.c:82: error: expected expression before ')' token
configure:5770: $? = 1
configure: failed program was:
| /* confdefs.h */
| #define PACKAGE_NAME "GNU Typist"
| #define PACKAGE_TARNAME "gtypist"
| #define PACKAGE_VERSION "2.9.5"
| #define PACKAGE_STRING "GNU Typist 2.9.5"
| #define PACKAGE_BUGREPORT "bug-gtypist@gnu.org"
| #define PACKAGE_URL "http://www.gnu.org/software/gtypist/"
| #define PACKAGE "gtypist"
| #define VERSION "2.9.5"
| #define STDC_HEADERS 1
| #define HAVE_SYS_TYPES_H 1
| #define HAVE_SYS_STAT_H 1
| #define HAVE_STDLIB_H 1
| #define HAVE_STRING_H 1
| #define HAVE_MEMORY_H 1
| #define HAVE_STRINGS_H 1
| #define HAVE_INTTYPES_H 1
| #define HAVE_STDINT_H 1
| #define HAVE_UNISTD_H 1
| #define __EXTENSIONS__ 1
| #define _ALL_SOURCE 1
| #define _GNU_SOURCE 1
| #define _POSIX_PTHREAD_SEMANTICS 1
| #define _TANDEM_SOURCE 1
| #define STDC_HEADERS 1
| #define HAVE_UNISTD_H 1
| #define HAVE_ALLOCA_H 1
| #define HAVE_ARGZ_H 1
| #define HAVE_ERRNO_H 1
| #define HAVE_FCNTL_H 1
| #define HAVE_LANGINFO_H 1
| #define HAVE_LIBINTL_H 1
| #define HAVE_LIMITS_H 1
| #define HAVE_LOCALE_H 1
| #define HAVE_MALLOC_H 1
| #define HAVE_STDDEF_H 1
| #define HAVE_STDIO_EXT_H 1
| #define HAVE_STDLIB_H 1
| #define HAVE_STRING_H 1
| #define HAVE_STRINGS_H 1
| #define HAVE_SYS_PARAM_H 1
| #define HAVE_UNISTD_H 1
| #define HAVE__BOOL 1
| #define HAVE_STDBOOL_H 1
| /* end confdefs.h.  */
| #include <stdio.h>
| #ifdef HAVE_SYS_TYPES_H
| # include <sys/types.h>
| #endif
| #ifdef HAVE_SYS_STAT_H
| # include <sys/stat.h>
| #endif
| #ifdef STDC_HEADERS
| # include <stdlib.h>
| # include <stddef.h>
| #else
| # ifdef HAVE_STDLIB_H
| #  include <stdlib.h>
| # endif
| #endif
| #ifdef HAVE_STRING_H
| # if !defined STDC_HEADERS && defined HAVE_MEMORY_H
| #  include <memory.h>
| # endif
| # include <string.h>
| #endif
| #ifdef HAVE_STRINGS_H
| # include <strings.h>
| #endif
| #ifdef HAVE_INTTYPES_H
| # include <inttypes.h>
| #endif
| #ifdef HAVE_STDINT_H
| # include <stdint.h>
| #endif
| #ifdef HAVE_UNISTD_H
| # include <unistd.h>
| #endif
| int
| main ()
| {
| if (sizeof ((size_t)))
| 	    return 0;
|   ;
|   return 0;
| }
configure:5770: result: yes
configure:5785: checking whether gcc needs -traditional
configure:5819: result: no
configure:5828: checking for working alloca.h
configure:5845: gcc -o conftest -g3 -O0   conftest.c  >&5
configure:5845: $? = 0
configure:5853: result: yes
configure:5861: checking for alloca
configure:5898: gcc -o conftest -g3 -O0   conftest.c  >&5
configure:5898: $? = 0
configure:5906: result: yes
configure:6014: checking for stdlib.h
configure:6014: result: yes
configure:6024: checking for GNU libc compatible malloc
configure:6048: gcc -o conftest -g3 -O0   conftest.c  >&5
configure:6048: $? = 0
configure:6048: ./conftest
configure:6048: $? = 0
configure:6058: result: yes
configure:6081: checking for stdlib.h
configure:6081: result: yes
configure:6091: checking for GNU libc compatible realloc
configure:6115: gcc -o conftest -g3 -O0   conftest.c  >&5
configure:6115: $? = 0
configure:6115: ./conftest
configure:6115: $? = 0
configure:6125: result: yes
configure:6146: checking return type of signal handlers
configure:6164: gcc -c -g3 -O0  conftest.c >&5
conftest.c: In function 'main':
conftest.c:58: error: void value not ignored as it ought to be
configure:6164: $? = 1
configure: failed program was:
| /* confdefs.h */
| #define PACKAGE_NAME "GNU Typist"
| #define PACKAGE_TARNAME "gtypist"
| #define PACKAGE_VERSION "2.9.5"
| #define PACKAGE_STRING "GNU Typist 2.9.5"
| #define PACKAGE_BUGREPORT "bug-gtypist@gnu.org"
| #define PACKAGE_URL "http://www.gnu.org/software/gtypist/"
| #define PACKAGE "gtypist"
| #define VERSION "2.9.5"
| #define STDC_HEADERS 1
| #define HAVE_SYS_TYPES_H 1
| #define HAVE_SYS_STAT_H 1
| #define HAVE_STDLIB_H 1
| #define HAVE_STRING_H 1
| #define HAVE_MEMORY_H 1
| #define HAVE_STRINGS_H 1
| #define HAVE_INTTYPES_H 1
| #define HAVE_STDINT_H 1
| #define HAVE_UNISTD_H 1
| #define __EXTENSIONS__ 1
| #define _ALL_SOURCE 1
| #define _GNU_SOURCE 1
| #define _POSIX_PTHREAD_SEMANTICS 1
| #define _TANDEM_SOURCE 1
| #define STDC_HEADERS 1
| #define HAVE_UNISTD_H 1
| #define HAVE_ALLOCA_H 1
| #define HAVE_ARGZ_H 1
| #define HAVE_ERRNO_H 1
| #define HAVE_FCNTL_H 1
| #define HAVE_LANGINFO_H 1
| #define HAVE_LIBINTL_H 1
| #define HAVE_LIMITS_H 1
| #define HAVE_LOCALE_H 1
| #define HAVE_MALLOC_H 1
| #define HAVE_STDDEF_H 1
| #define HAVE_STDIO_EXT_H 1
| #define HAVE_STDLIB_H 1
| #define HAVE_STRING_H 1
| #define HAVE_STRINGS_H 1
| #define HAVE_SYS_PARAM_H 1
| #define HAVE_UNISTD_H 1
| #define HAVE__BOOL 1
| #define HAVE_STDBOOL_H 1
| #define HAVE_ALLOCA_H 1
| #define HAVE_ALLOCA 1
| #define HAVE_STDLIB_H 1
| #define HAVE_MALLOC 1
| #define HAVE_STDLIB_H 1
| #define HAVE_REALLOC 1
| /* end confdefs.h.  */
| #include <sys/types.h>
| #include <signal.h>
| 
| int
| main ()
| {
| return *(signal (0, 0)) (0) == 1;
|   ;
|   return 0;
| }
configure:6171: result: void
configure:6179: checking for working strtod
configure:6220: gcc -o conftest -g3 -O0   conftest.c  >&5
configure:6220: $? = 0
configure:6220: ./conftest
configure:6220: $? = 0
configure:6230: result: yes
configure:6295: checking for __argz_count
configure:6295: gcc -o conftest -g3 -O0   conftest.c  >&5
configure:6295: $? = 0
configure:6295: result: yes
configure:6295: checking for __argz_next
configure:6295: gcc -o conftest -g3 -O0   conftest.c  >&5
configure:6295: $? = 0
configure:6295: result: yes
configure:6295: checking for __argz_stringify
configure:6295: gcc -o conftest -g3 -O0   conftest.c  >&5
configure:6295: $? = 0
configure:6295: result: yes
configure:6295: checking for dcgettext
configure:6295: gcc -o conftest -g3 -O0   conftest.c  >&5
conftest.c:79: warning: conflicting types for built-in function 'dcgettext'
configure:6295: $? = 0
configure:6295: result: yes
configure:6295: checking for getcwd
configure:6295: gcc -o conftest -g3 -O0   conftest.c  >&5
configure:6295: $? = 0
configure:6295: result: yes
configure:6295: checking for getwd
configure:6295: gcc -o conftest -g3 -O0   conftest.c  >&5
/tmp/ccGBjIMB.o: In function `main':
/root/workspace/exercise/tools/gtypist/srcpkg/gtypist-2.9.5/conftest.c:92: warning: the `getwd' function is dangerous and should not be used.
configure:6295: $? = 0
configure:6295: result: yes
configure:6295: checking for mempcpy
configure:6295: gcc -o conftest -g3 -O0   conftest.c  >&5
conftest.c:82: warning: conflicting types for built-in function 'mempcpy'
configure:6295: $? = 0
configure:6295: result: yes
configure:6295: checking for memset
configure:6295: gcc -o conftest -g3 -O0   conftest.c  >&5
conftest.c:83: warning: conflicting types for built-in function 'memset'
configure:6295: $? = 0
configure:6295: result: yes
configure:6295: checking for munmap
configure:6295: gcc -o conftest -g3 -O0   conftest.c  >&5
configure:6295: $? = 0
configure:6295: result: yes
configure:6295: checking for nl_langinfo
configure:6295: gcc -o conftest -g3 -O0   conftest.c  >&5
configure:6295: $? = 0
configure:6295: result: yes
configure:6295: checking for setlocale
configure:6295: gcc -o conftest -g3 -O0   conftest.c  >&5
configure:6295: $? = 0
configure:6295: result: yes
configure:6295: checking for stpcpy
configure:6295: gcc -o conftest -g3 -O0   conftest.c  >&5
conftest.c:87: warning: conflicting types for built-in function 'stpcpy'
configure:6295: $? = 0
configure:6295: result: yes
configure:6295: checking for strcasecmp
configure:6295: gcc -o conftest -g3 -O0   conftest.c  >&5
conftest.c:88: warning: conflicting types for built-in function 'strcasecmp'
configure:6295: $? = 0
configure:6295: result: yes
configure:6295: checking for strchr
configure:6295: gcc -o conftest -g3 -O0   conftest.c  >&5
conftest.c:89: warning: conflicting types for built-in function 'strchr'
configure:6295: $? = 0
configure:6295: result: yes
configure:6295: checking for strcspn
configure:6295: gcc -o conftest -g3 -O0   conftest.c  >&5
conftest.c:90: warning: conflicting types for built-in function 'strcspn'
configure:6295: $? = 0
configure:6295: result: yes
configure:6295: checking for strdup
configure:6295: gcc -o conftest -g3 -O0   conftest.c  >&5
conftest.c:91: warning: conflicting types for built-in function 'strdup'
configure:6295: $? = 0
configure:6295: result: yes
configure:6295: checking for strstr
configure:6295: gcc -o conftest -g3 -O0   conftest.c  >&5
conftest.c:92: warning: conflicting types for built-in function 'strstr'
configure:6295: $? = 0
configure:6295: result: yes
configure:6295: checking for strtoul
configure:6295: gcc -o conftest -g3 -O0   conftest.c  >&5
configure:6295: $? = 0
configure:6295: result: yes
configure:6307: checking ncursesw/ncurses.h usability
configure:6307: gcc -c -g3 -O0  conftest.c >&5
configure:6307: $? = 0
configure:6307: result: yes
configure:6307: checking ncursesw/ncurses.h presence
configure:6307: gcc -E  conftest.c
configure:6307: $? = 0
configure:6307: result: yes
configure:6307: checking for ncursesw/ncurses.h
configure:6307: result: yes
configure:6313: checking for add_wch in -lncursesw
configure:6338: gcc -o conftest -g3 -O0   conftest.c -lncursesw   >&5
configure:6338: $? = 0
configure:6347: result: yes
configure:6361: checking for library containing cbreak
configure:6392: gcc -o conftest -g3 -O0   conftest.c -lncursesw  >&5
configure:6392: $? = 0
configure:6409: result: none required
configure:6427: checking build system type
configure:6441: result: x86_64-unknown-linux-gnu
configure:6461: checking host system type
configure:6474: result: x86_64-unknown-linux-gnu
configure:6535: checking for ld used by gcc
configure:6602: result: /usr/bin/ld
configure:6609: checking if the linker (/usr/bin/ld) is GNU ld
configure:6624: result: yes
configure:6631: checking for shared library run path origin
configure:6644: result: done
configure:7222: checking for iconv
configure:7246: gcc -o conftest -g3 -O0   conftest.c -lncursesw  >&5
configure:7246: $? = 0
configure:7280: result: yes
configure:7283: checking for working iconv
configure:7403: gcc -o conftest -g3 -O0   conftest.c -lncursesw  >&5
configure:7403: $? = 0
configure:7403: ./conftest
configure:7403: $? = 0
configure:7415: result: yes
configure:7443: checking for iconv declaration
configure:7472: gcc -c -g3 -O0  conftest.c >&5
configure:7472: $? = 0
configure:7483: result:
         extern size_t iconv (iconv_t cd, char * *inbuf, size_t *inbytesleft, char * *outbuf, size_t *outbytesleft);
configure:7499: checking whether NLS is requested
configure:7508: result: yes
configure:7548: checking for msgfmt
configure: trying /usr/bin/msgfmt...
0 translated messages.
configure:7580: result: /usr/bin/msgfmt
configure:7589: checking for gmsgfmt
configure:7620: result: /usr/bin/msgfmt
configure:7670: checking for xgettext
configure: trying /usr/bin/xgettext...
/usr/bin/xgettext: warning: file `/dev/null' extension `' is unknown; will try C
configure:7702: result: /usr/bin/xgettext
configure:7747: checking for msgmerge
configure: trying /usr/bin/msgmerge...
configure:7778: result: /usr/bin/msgmerge
configure:7819: checking for CFPreferencesCopyAppValue
configure:7837: gcc -o conftest -g3 -O0   conftest.c -lncursesw  -Wl,-framework -Wl,CoreFoundation >&5
conftest.c:73:42: error: CoreFoundation/CFPreferences.h: No such file or directory
conftest.c: In function 'main':
conftest.c:77: error: 'NULL' undeclared (first use in this function)
conftest.c:77: error: (Each undeclared identifier is reported only once
conftest.c:77: error: for each function it appears in.)
configure:7837: $? = 1
configure: failed program was:
| /* confdefs.h */
| #define PACKAGE_NAME "GNU Typist"
| #define PACKAGE_TARNAME "gtypist"
| #define PACKAGE_VERSION "2.9.5"
| #define PACKAGE_STRING "GNU Typist 2.9.5"
| #define PACKAGE_BUGREPORT "bug-gtypist@gnu.org"
| #define PACKAGE_URL "http://www.gnu.org/software/gtypist/"
| #define PACKAGE "gtypist"
| #define VERSION "2.9.5"
| #define STDC_HEADERS 1
| #define HAVE_SYS_TYPES_H 1
| #define HAVE_SYS_STAT_H 1
| #define HAVE_STDLIB_H 1
| #define HAVE_STRING_H 1
| #define HAVE_MEMORY_H 1
| #define HAVE_STRINGS_H 1
| #define HAVE_INTTYPES_H 1
| #define HAVE_STDINT_H 1
| #define HAVE_UNISTD_H 1
| #define __EXTENSIONS__ 1
| #define _ALL_SOURCE 1
| #define _GNU_SOURCE 1
| #define _POSIX_PTHREAD_SEMANTICS 1
| #define _TANDEM_SOURCE 1
| #define STDC_HEADERS 1
| #define HAVE_UNISTD_H 1
| #define HAVE_ALLOCA_H 1
| #define HAVE_ARGZ_H 1
| #define HAVE_ERRNO_H 1
| #define HAVE_FCNTL_H 1
| #define HAVE_LANGINFO_H 1
| #define HAVE_LIBINTL_H 1
| #define HAVE_LIMITS_H 1
| #define HAVE_LOCALE_H 1
| #define HAVE_MALLOC_H 1
| #define HAVE_STDDEF_H 1
| #define HAVE_STDIO_EXT_H 1
| #define HAVE_STDLIB_H 1
| #define HAVE_STRING_H 1
| #define HAVE_STRINGS_H 1
| #define HAVE_SYS_PARAM_H 1
| #define HAVE_UNISTD_H 1
| #define HAVE__BOOL 1
| #define HAVE_STDBOOL_H 1
| #define HAVE_ALLOCA_H 1
| #define HAVE_ALLOCA 1
| #define HAVE_STDLIB_H 1
| #define HAVE_MALLOC 1
| #define HAVE_STDLIB_H 1
| #define HAVE_REALLOC 1
| #define RETSIGTYPE void
| #define HAVE___ARGZ_COUNT 1
| #define HAVE___ARGZ_NEXT 1
| #define HAVE___ARGZ_STRINGIFY 1
| #define HAVE_DCGETTEXT 1
| #define HAVE_GETCWD 1
| #define HAVE_GETWD 1
| #define HAVE_MEMPCPY 1
| #define HAVE_MEMSET 1
| #define HAVE_MUNMAP 1
| #define HAVE_NL_LANGINFO 1
| #define HAVE_SETLOCALE 1
| #define HAVE_STPCPY 1
| #define HAVE_STRCASECMP 1
| #define HAVE_STRCHR 1
| #define HAVE_STRCSPN 1
| #define HAVE_STRDUP 1
| #define HAVE_STRSTR 1
| #define HAVE_STRTOUL 1
| #define HAVE_ICONV 1
| #define ICONV_CONST 
| /* end confdefs.h.  */
| #include <CoreFoundation/CFPreferences.h>
| int
| main ()
| {
| CFPreferencesCopyAppValue(NULL, NULL)
|   ;
|   return 0;
| }
configure:7846: result: no
configure:7853: checking for CFLocaleCopyCurrent
configure:7871: gcc -o conftest -g3 -O0   conftest.c -lncursesw  -Wl,-framework -Wl,CoreFoundation >&5
conftest.c:73:37: error: CoreFoundation/CFLocale.h: No such file or directory
configure:7871: $? = 1
configure: failed program was:
| /* confdefs.h */
| #define PACKAGE_NAME "GNU Typist"
| #define PACKAGE_TARNAME "gtypist"
| #define PACKAGE_VERSION "2.9.5"
| #define PACKAGE_STRING "GNU Typist 2.9.5"
| #define PACKAGE_BUGREPORT "bug-gtypist@gnu.org"
| #define PACKAGE_URL "http://www.gnu.org/software/gtypist/"
| #define PACKAGE "gtypist"
| #define VERSION "2.9.5"
| #define STDC_HEADERS 1
| #define HAVE_SYS_TYPES_H 1
| #define HAVE_SYS_STAT_H 1
| #define HAVE_STDLIB_H 1
| #define HAVE_STRING_H 1
| #define HAVE_MEMORY_H 1
| #define HAVE_STRINGS_H 1
| #define HAVE_INTTYPES_H 1
| #define HAVE_STDINT_H 1
| #define HAVE_UNISTD_H 1
| #define __EXTENSIONS__ 1
| #define _ALL_SOURCE 1
| #define _GNU_SOURCE 1
| #define _POSIX_PTHREAD_SEMANTICS 1
| #define _TANDEM_SOURCE 1
| #define STDC_HEADERS 1
| #define HAVE_UNISTD_H 1
| #define HAVE_ALLOCA_H 1
| #define HAVE_ARGZ_H 1
| #define HAVE_ERRNO_H 1
| #define HAVE_FCNTL_H 1
| #define HAVE_LANGINFO_H 1
| #define HAVE_LIBINTL_H 1
| #define HAVE_LIMITS_H 1
| #define HAVE_LOCALE_H 1
| #define HAVE_MALLOC_H 1
| #define HAVE_STDDEF_H 1
| #define HAVE_STDIO_EXT_H 1
| #define HAVE_STDLIB_H 1
| #define HAVE_STRING_H 1
| #define HAVE_STRINGS_H 1
| #define HAVE_SYS_PARAM_H 1
| #define HAVE_UNISTD_H 1
| #define HAVE__BOOL 1
| #define HAVE_STDBOOL_H 1
| #define HAVE_ALLOCA_H 1
| #define HAVE_ALLOCA 1
| #define HAVE_STDLIB_H 1
| #define HAVE_MALLOC 1
| #define HAVE_STDLIB_H 1
| #define HAVE_REALLOC 1
| #define RETSIGTYPE void
| #define HAVE___ARGZ_COUNT 1
| #define HAVE___ARGZ_NEXT 1
| #define HAVE___ARGZ_STRINGIFY 1
| #define HAVE_DCGETTEXT 1
| #define HAVE_GETCWD 1
| #define HAVE_GETWD 1
| #define HAVE_MEMPCPY 1
| #define HAVE_MEMSET 1
| #define HAVE_MUNMAP 1
| #define HAVE_NL_LANGINFO 1
| #define HAVE_SETLOCALE 1
| #define HAVE_STPCPY 1
| #define HAVE_STRCASECMP 1
| #define HAVE_STRCHR 1
| #define HAVE_STRCSPN 1
| #define HAVE_STRDUP 1
| #define HAVE_STRSTR 1
| #define HAVE_STRTOUL 1
| #define HAVE_ICONV 1
| #define ICONV_CONST 
| /* end confdefs.h.  */
| #include <CoreFoundation/CFLocale.h>
| int
| main ()
| {
| CFLocaleCopyCurrent();
|   ;
|   return 0;
| }
configure:7880: result: no
configure:7929: checking for GNU gettext in libc
configure:7953: gcc -o conftest -g3 -O0   conftest.c -lncursesw  >&5
configure:7953: $? = 0
configure:7962: result: yes
configure:8790: checking whether to use NLS
configure:8792: result: yes
configure:8795: checking where the gettext function comes from
configure:8806: result: libc
configure:8878: checking for emacs
configure:8908: result: no
configure:8878: checking for xemacs
configure:8908: result: no
configure:8929: checking where .elc files should go
configure:8958: result: ${datadir}/emacs/site-lisp
configure:9079: checking that generated files are newer than configure
configure:9085: result: done
configure:9112: creating ./config.status

## ---------------------- ##
## Running config.status. ##
## ---------------------- ##

This file was extended by GNU Typist config.status 2.9.5, which was
generated by GNU Autoconf 2.69.  Invocation command line was

  CONFIG_FILES    = 
  CONFIG_HEADERS  = 
  CONFIG_LINKS    = 
  CONFIG_COMMANDS = 
  $ ./config.status 

on localhost.localdomain

config.status:958: creating lessons/Makefile
config.status:958: creating tools/Makefile
config.status:958: creating doc/Makefile
config.status:958: creating src/Makefile
config.status:958: creating Makefile
config.status:958: creating po/Makefile.in
config.status:958: creating m4/Makefile
config.status:958: creating config.h
config.status:1187: executing depfiles commands
config.status:1187: executing po-directories commands

## ---------------- ##
## Cache variables. ##
## ---------------- ##

ac_cv_build=x86_64-unknown-linux-gnu
ac_cv_c_compiler_gnu=yes
ac_cv_c_const=yes
ac_cv_c_inline=inline
ac_cv_c_volatile=yes
ac_cv_env_CC_set=
ac_cv_env_CC_value=
ac_cv_env_CFLAGS_set=set
ac_cv_env_CFLAGS_value='-g3 -O0'
ac_cv_env_CPPFLAGS_set=
ac_cv_env_CPPFLAGS_value=
ac_cv_env_CPP_set=
ac_cv_env_CPP_value=
ac_cv_env_EMACSLOADPATH_set=
ac_cv_env_EMACSLOADPATH_value=
ac_cv_env_EMACS_set=
ac_cv_env_EMACS_value=
ac_cv_env_LDFLAGS_set=
ac_cv_env_LDFLAGS_value=
ac_cv_env_LIBS_set=
ac_cv_env_LIBS_value=
ac_cv_env_YACC_set=
ac_cv_env_YACC_value=
ac_cv_env_YFLAGS_set=
ac_cv_env_YFLAGS_value=
ac_cv_env_build_alias_set=
ac_cv_env_build_alias_value=
ac_cv_env_host_alias_set=
ac_cv_env_host_alias_value=
ac_cv_env_target_alias_set=
ac_cv_env_target_alias_value=
ac_cv_func___argz_count=yes
ac_cv_func___argz_next=yes
ac_cv_func___argz_stringify=yes
ac_cv_func_alloca_works=yes
ac_cv_func_dcgettext=yes
ac_cv_func_getcwd=yes
ac_cv_func_getwd=yes
ac_cv_func_malloc_0_nonnull=yes
ac_cv_func_mempcpy=yes
ac_cv_func_memset=yes
ac_cv_func_munmap=yes
ac_cv_func_nl_langinfo=yes
ac_cv_func_realloc_0_nonnull=yes
ac_cv_func_setlocale=yes
ac_cv_func_stpcpy=yes
ac_cv_func_strcasecmp=yes
ac_cv_func_strchr=yes
ac_cv_func_strcspn=yes
ac_cv_func_strdup=yes
ac_cv_func_strstr=yes
ac_cv_func_strtod=yes
ac_cv_func_strtoul=yes
ac_cv_header_alloca_h=yes
ac_cv_header_argz_h=yes
ac_cv_header_errno_h=yes
ac_cv_header_fcntl_h=yes
ac_cv_header_inttypes_h=yes
ac_cv_header_langinfo_h=yes
ac_cv_header_libintl_h=yes
ac_cv_header_limits_h=yes
ac_cv_header_locale_h=yes
ac_cv_header_malloc_h=yes
ac_cv_header_memory_h=yes
ac_cv_header_minix_config_h=no
ac_cv_header_ncursesw_ncurses_h=yes
ac_cv_header_stdbool_h=yes
ac_cv_header_stdc=yes
ac_cv_header_stddef_h=yes
ac_cv_header_stdint_h=yes
ac_cv_header_stdio_ext_h=yes
ac_cv_header_stdlib_h=yes
ac_cv_header_string_h=yes
ac_cv_header_strings_h=yes
ac_cv_header_sys_param_h=yes
ac_cv_header_sys_stat_h=yes
ac_cv_header_sys_types_h=yes
ac_cv_header_unistd_h=yes
ac_cv_host=x86_64-unknown-linux-gnu
ac_cv_lib_ncursesw_add_wch=yes
ac_cv_objext=o
ac_cv_path_EGREP='/bin/grep -E'
ac_cv_path_GMSGFMT=/usr/bin/msgfmt
ac_cv_path_GREP=/bin/grep
ac_cv_path_MSGFMT=/usr/bin/msgfmt
ac_cv_path_MSGMERGE=/usr/bin/msgmerge
ac_cv_path_XGETTEXT=/usr/bin/xgettext
ac_cv_path_install='/usr/bin/install -c'
ac_cv_path_mkdir=/bin/mkdir
ac_cv_prog_AWK=gawk
ac_cv_prog_CPP='gcc -E'
ac_cv_prog_YACC='bison -y'
ac_cv_prog_ac_ct_CC=gcc
ac_cv_prog_ac_ct_RANLIB=ranlib
ac_cv_prog_cc_c89=
ac_cv_prog_cc_g=yes
ac_cv_prog_gcc_traditional=no
ac_cv_prog_make_make_set=yes
ac_cv_safe_to_define___extensions__=yes
ac_cv_search_cbreak='none required'
ac_cv_search_strerror='none required'
ac_cv_type__Bool=yes
ac_cv_type_signal=void
ac_cv_type_size_t=yes
ac_cv_working_alloca_h=yes
acl_cv_hardcode_direct=no
acl_cv_hardcode_libdir_flag_spec='${wl}-rpath ${wl}$libdir'
acl_cv_hardcode_libdir_separator=
acl_cv_hardcode_minus_L=no
acl_cv_libext=a
acl_cv_libname_spec='lib$name'
acl_cv_library_names_spec='$libname$shrext'
acl_cv_path_LD=/usr/bin/ld
acl_cv_prog_gnu_ld=yes
acl_cv_rpath=done
acl_cv_shlibext=so
acl_cv_wl=-Wl,
am_cv_CC_dependencies_compiler_type=gcc3
am_cv_func_iconv=yes
am_cv_func_iconv_works=yes
am_cv_lib_iconv=no
am_cv_lispdir='${datadir}/emacs/site-lisp'
am_cv_make_support_nested_variables=yes
am_cv_prog_cc_c_o=yes
am_cv_proto_iconv='extern size_t iconv (iconv_t cd, char * *inbuf, size_t *inbytesleft, char * *outbuf, size_t *outbytesleft);'
am_cv_proto_iconv_arg1=
gt_cv_func_CFLocaleCopyCurrent=no
gt_cv_func_CFPreferencesCopyAppValue=no
gt_cv_func_gnugettext1_libc=yes

## ----------------- ##
## Output variables. ##
## ----------------- ##

ACLOCAL='${SHELL} /root/workspace/exercise/tools/gtypist/srcpkg/gtypist-2.9.5/missing aclocal-1.14'
ALLOCA=''
AMDEPBACKSLASH='\'
AMDEP_FALSE='#'
AMDEP_TRUE=''
AMTAR='$${TAR-tar}'
AM_BACKSLASH='\'
AM_DEFAULT_V='$(AM_DEFAULT_VERBOSITY)'
AM_DEFAULT_VERBOSITY='1'
AM_V='$(V)'
AUTOCONF='${SHELL} /root/workspace/exercise/tools/gtypist/srcpkg/gtypist-2.9.5/missing autoconf'
AUTOHEADER='${SHELL} /root/workspace/exercise/tools/gtypist/srcpkg/gtypist-2.9.5/missing autoheader'
AUTOMAKE='${SHELL} /root/workspace/exercise/tools/gtypist/srcpkg/gtypist-2.9.5/missing automake-1.14'
AWK='gawk'
CC='gcc'
CCDEPMODE='depmode=gcc3'
CFLAGS='-g3 -O0'
CPP='gcc -E'
CPPFLAGS=''
CYGPATH_W='echo'
DEFS='-DHAVE_CONFIG_H'
DEPDIR='.deps'
ECHO_C=''
ECHO_N='-n'
ECHO_T=''
EGREP='/bin/grep -E'
EMACS='no'
EMACSLOADPATH=''
EXEEXT=''
GEN_MAN='help2man ./gtypist -o gtypist.1 -n '\''a typing tutor with lessons for different keyboards and languages'\'''
GETTEXT_MACRO_VERSION='0.18'
GMSGFMT='/usr/bin/msgfmt'
GMSGFMT_015='/usr/bin/msgfmt'
GREP='/bin/grep'
INSTALL_DATA='${INSTALL} -m 644'
INSTALL_PROGRAM='${INSTALL}'
INSTALL_SCRIPT='${INSTALL}'
INSTALL_STRIP_PROGRAM='$(install_sh) -c -s'
INTLLIBS=''
INTL_MACOSX_LIBS=''
LDFLAGS=''
LIBICONV=''
LIBINTL=''
LIBOBJS=''
LIBS='-lncursesw '
LN_S='ln -s'
LTLIBICONV=''
LTLIBINTL=''
LTLIBOBJS=''
MAKEINFO='${SHELL} /root/workspace/exercise/tools/gtypist/srcpkg/gtypist-2.9.5/missing makeinfo'
MKDIR_P='/bin/mkdir -p'
MSGFMT='/usr/bin/msgfmt'
MSGFMT_015='/usr/bin/msgfmt'
MSGMERGE='/usr/bin/msgmerge'
OBJEXT='o'
PACKAGE='gtypist'
PACKAGE_BUGREPORT='bug-gtypist@gnu.org'
PACKAGE_NAME='GNU Typist'
PACKAGE_STRING='GNU Typist 2.9.5'
PACKAGE_TARNAME='gtypist'
PACKAGE_URL='http://www.gnu.org/software/gtypist/'
PACKAGE_VERSION='2.9.5'
PATH_SEPARATOR=':'
POSUB='po'
POW_LIB=''
RANLIB='ranlib'
SET_MAKE=''
SHELL='/bin/sh'
STRIP=''
USE_NLS='yes'
VERSION='2.9.5'
XGETTEXT='/usr/bin/xgettext'
XGETTEXT_015='/usr/bin/xgettext'
XGETTEXT_EXTRA_OPTIONS=''
YACC='bison -y'
YFLAGS=''
ac_ct_CC='gcc'
am__EXEEXT_FALSE=''
am__EXEEXT_TRUE='#'
am__fastdepCC_FALSE='#'
am__fastdepCC_TRUE=''
am__include='include'
am__isrc=''
am__leading_dot='.'
am__nodep='_no'
am__quote=''
am__tar='$${TAR-tar} chof - "$$tardir"'
am__untar='$${TAR-tar} xf -'
bindir='${exec_prefix}/bin'
build='x86_64-unknown-linux-gnu'
build_alias=''
build_cpu='x86_64'
build_os='linux-gnu'
build_vendor='unknown'
datadir='${datarootdir}'
datarootdir='${prefix}/share'
docdir='${datarootdir}/doc/${PACKAGE_TARNAME}'
dvidir='${docdir}'
exec_prefix='${prefix}'
host='x86_64-unknown-linux-gnu'
host_alias=''
host_cpu='x86_64'
host_os='linux-gnu'
host_vendor='unknown'
htmldir='${docdir}'
includedir='${prefix}/include'
infodir='${datarootdir}/info'
install_sh='${SHELL} /root/workspace/exercise/tools/gtypist/srcpkg/gtypist-2.9.5/install-sh'
libdir='${exec_prefix}/lib'
libexecdir='${exec_prefix}/libexec'
lispdir='${datadir}/emacs/site-lisp'
localedir='${datarootdir}/locale'
localstatedir='${prefix}/var'
mandir='${datarootdir}/man'
mkdir_p='$(MKDIR_P)'
oldincludedir='/usr/include'
pdfdir='${docdir}'
prefix='/usr/local/gtypist'
program_transform_name='s,x,x,'
psdir='${docdir}'
sbindir='${exec_prefix}/sbin'
sharedstatedir='${prefix}/com'
sysconfdir='${prefix}/etc'
target_alias=''

## ----------- ##
## confdefs.h. ##
## ----------- ##

/* confdefs.h */
#define PACKAGE_NAME "GNU Typist"
#define PACKAGE_TARNAME "gtypist"
#define PACKAGE_VERSION "2.9.5"
#define PACKAGE_STRING "GNU Typist 2.9.5"
#define PACKAGE_BUGREPORT "bug-gtypist@gnu.org"
#define PACKAGE_URL "http://www.gnu.org/software/gtypist/"
#define PACKAGE "gtypist"
#define VERSION "2.9.5"
#define STDC_HEADERS 1
#define HAVE_SYS_TYPES_H 1
#define HAVE_SYS_STAT_H 1
#define HAVE_STDLIB_H 1
#define HAVE_STRING_H 1
#define HAVE_MEMORY_H 1
#define HAVE_STRINGS_H 1
#define HAVE_INTTYPES_H 1
#define HAVE_STDINT_H 1
#define HAVE_UNISTD_H 1
#define __EXTENSIONS__ 1
#define _ALL_SOURCE 1
#define _GNU_SOURCE 1
#define _POSIX_PTHREAD_SEMANTICS 1
#define _TANDEM_SOURCE 1
#define STDC_HEADERS 1
#define HAVE_UNISTD_H 1
#define HAVE_ALLOCA_H 1
#define HAVE_ARGZ_H 1
#define HAVE_ERRNO_H 1
#define HAVE_FCNTL_H 1
#define HAVE_LANGINFO_H 1
#define HAVE_LIBINTL_H 1
#define HAVE_LIMITS_H 1
#define HAVE_LOCALE_H 1
#define HAVE_MALLOC_H 1
#define HAVE_STDDEF_H 1
#define HAVE_STDIO_EXT_H 1
#define HAVE_STDLIB_H 1
#define HAVE_STRING_H 1
#define HAVE_STRINGS_H 1
#define HAVE_SYS_PARAM_H 1
#define HAVE_UNISTD_H 1
#define HAVE__BOOL 1
#define HAVE_STDBOOL_H 1
#define HAVE_ALLOCA_H 1
#define HAVE_ALLOCA 1
#define HAVE_STDLIB_H 1
#define HAVE_MALLOC 1
#define HAVE_STDLIB_H 1
#define HAVE_REALLOC 1
#define RETSIGTYPE void
#define HAVE___ARGZ_COUNT 1
#define HAVE___ARGZ_NEXT 1
#define HAVE___ARGZ_STRINGIFY 1
#define HAVE_DCGETTEXT 1
#define HAVE_GETCWD 1
#define HAVE_GETWD 1
#define HAVE_MEMPCPY 1
#define HAVE_MEMSET 1
#define HAVE_MUNMAP 1
#define HAVE_NL_LANGINFO 1
#define HAVE_SETLOCALE 1
#define HAVE_STPCPY 1
#define HAVE_STRCASECMP 1
#define HAVE_STRCHR 1
#define HAVE_STRCSPN 1
#define HAVE_STRDUP 1
#define HAVE_STRSTR 1
#define HAVE_STRTOUL 1
#define HAVE_ICONV 1
#define ICONV_CONST 
#define ENABLE_NLS 1
#define HAVE_GETTEXT 1
#define HAVE_DCGETTEXT 1

configure: exit 0
